<?xml version="1.0" encoding="UTF-8"?>
<!-- Generated by org.testng.reporters.JUnitReportReporter -->
<testsuite hostname="DESKTOP-2A6M2A1" failures="0" tests="1" name="scripts.Addingcoursestocart" time="34.783" errors="0" timestamp="2021-06-05T03:49:34 PDT" skipped="0">
  <testcase classname="scripts.Addingcoursestocart" name="tc1" time="34.783"/>
  <system-out/>
</testsuite> <!-- scripts.Addingcoursestocart -->
